<?xml version="1.0" encoding="UTF-8"?>
<!-- Generated by org.testng.reporters.JUnitXMLReporter -->
<testsuite hostname="DESKTOP-GONGRU9" ignored="0" name="Test" tests="3" failures="0" timestamp="2021-05-04T11:30:06 IST" time="216.152" errors="0">
  <testcase name="Netflix_Invalid_Login" time="19.276" classname="com.qa.selenium.Netflix_id_Creation"/>
  <testcase name="Netflx_Login" time="29.899" classname="com.qa.selenium.Netflix_id_Creation"/>
  <testcase name="scrollDown" time="69.465" classname="com.qa.selenium.Netflix_id_Creation"/>
</testsuite> <!-- Test -->
