<?xml version="1.0" encoding="UTF-8"?>
<testng-results skipped="0" failed="0" ignored="0" total="3" passed="3">
  <reporter-output>
  </reporter-output>
  <suite name="Suite" duration-ms="216152" started-at="2021-05-04T11:26:28 IST" finished-at="2021-05-04T11:30:05 IST">
    <groups>
    </groups>
    <test name="Test" duration-ms="216152" started-at="2021-05-04T11:26:28 IST" finished-at="2021-05-04T11:30:05 IST">
      <class name="com.qa.selenium.Netflix_id_Creation">
        <test-method status="PASS" signature="setup(java.lang.String, java.lang.String)[pri:0, instance:com.qa.selenium.Netflix_id_Creation@32464a14]" name="setup" is-config="true" duration-ms="36428" started-at="2021-05-04T11:26:29 IST" finished-at="2021-05-04T11:27:05 IST">
          <params>
            <param index="0">
              <value>
                <![CDATA[chrome]]>
              </value>
            </param>
            <param index="1">
              <value>
                <![CDATA[https://www.netflix.com/in/]]>
              </value>
            </param>
          </params>
          <reporter-output>
          </reporter-output>
        </test-method> <!-- setup -->
        <test-method status="PASS" signature="Netflix_Invalid_Login()[pri:1, instance:com.qa.selenium.Netflix_id_Creation@32464a14]" name="Netflix_Invalid_Login" duration-ms="19276" started-at="2021-05-04T11:27:05 IST" finished-at="2021-05-04T11:27:24 IST">
          <reporter-output>
          </reporter-output>
        </test-method> <!-- Netflix_Invalid_Login -->
        <test-method status="PASS" signature="tearDown()[pri:0, instance:com.qa.selenium.Netflix_id_Creation@32464a14]" name="tearDown" is-config="true" duration-ms="3917" started-at="2021-05-04T11:27:25 IST" finished-at="2021-05-04T11:27:29 IST">
          <reporter-output>
          </reporter-output>
        </test-method> <!-- tearDown -->
        <test-method status="PASS" signature="setup(java.lang.String, java.lang.String)[pri:0, instance:com.qa.selenium.Netflix_id_Creation@32464a14]" name="setup" is-config="true" duration-ms="23281" started-at="2021-05-04T11:27:29 IST" finished-at="2021-05-04T11:27:52 IST">
          <params>
            <param index="0">
              <value>
                <![CDATA[chrome]]>
              </value>
            </param>
            <param index="1">
              <value>
                <![CDATA[https://www.netflix.com/in/]]>
              </value>
            </param>
          </params>
          <reporter-output>
          </reporter-output>
        </test-method> <!-- setup -->
        <test-method status="PASS" signature="Netflx_Login()[pri:2, instance:com.qa.selenium.Netflix_id_Creation@32464a14]" name="Netflx_Login" duration-ms="29899" started-at="2021-05-04T11:27:52 IST" finished-at="2021-05-04T11:28:22 IST">
          <reporter-output>
          </reporter-output>
        </test-method> <!-- Netflx_Login -->
        <test-method status="PASS" signature="tearDown()[pri:0, instance:com.qa.selenium.Netflix_id_Creation@32464a14]" name="tearDown" is-config="true" duration-ms="1676" started-at="2021-05-04T11:28:22 IST" finished-at="2021-05-04T11:28:23 IST">
          <reporter-output>
          </reporter-output>
        </test-method> <!-- tearDown -->
        <test-method status="PASS" signature="setup(java.lang.String, java.lang.String)[pri:0, instance:com.qa.selenium.Netflix_id_Creation@32464a14]" name="setup" is-config="true" duration-ms="25159" started-at="2021-05-04T11:28:23 IST" finished-at="2021-05-04T11:28:49 IST">
          <params>
            <param index="0">
              <value>
                <![CDATA[chrome]]>
              </value>
            </param>
            <param index="1">
              <value>
                <![CDATA[https://www.netflix.com/in/]]>
              </value>
            </param>
          </params>
          <reporter-output>
          </reporter-output>
        </test-method> <!-- setup -->
        <test-method status="PASS" signature="scrollDown()[pri:3, instance:com.qa.selenium.Netflix_id_Creation@32464a14]" name="scrollDown" duration-ms="69465" started-at="2021-05-04T11:28:49 IST" finished-at="2021-05-04T11:29:58 IST">
          <reporter-output>
          </reporter-output>
        </test-method> <!-- scrollDown -->
        <test-method status="PASS" signature="tearDown()[pri:0, instance:com.qa.selenium.Netflix_id_Creation@32464a14]" name="tearDown" is-config="true" duration-ms="6401" started-at="2021-05-04T11:29:58 IST" finished-at="2021-05-04T11:30:05 IST">
          <reporter-output>
          </reporter-output>
        </test-method> <!-- tearDown -->
      </class> <!-- com.qa.selenium.Netflix_id_Creation -->
    </test> <!-- Test -->
  </suite> <!-- Suite -->
</testng-results>
